<?xml version="1.0" encoding="UTF-8"?>
<!-- Generated by org.testng.reporters.JUnitReportReporter -->
<testsuite hostname="GSD-89048532" name="com.hybridFramework.ResearchCentre.TSResearchCenter_CompanyInformation" tests="20" failures="0" timestamp="8 Jul 2019 11:57:15 GMT" time="2465.290" errors="0">
  <testcase name="TCTC111_RC3_1_Company_Information_Favourite_Sources" time="117.026" classname="com.hybridFramework.ResearchCentre.TSResearchCenter_CompanyInformation"/>
  <testcase name="TC103_RC01_Company_Information_Moreinfo" time="125.251" classname="com.hybridFramework.ResearchCentre.TSResearchCenter_CompanyInformation"/>
  <testcase name="TC105_RC19_Company_Information_SourcePage_Go" time="126.415" classname="com.hybridFramework.ResearchCentre.TSResearchCenter_CompanyInformation"/>
  <testcase name="TC100_RC01_Company_Information_Go" time="119.207" classname="com.hybridFramework.ResearchCentre.TSResearchCenter_CompanyInformation"/>
  <testcase name="TC113_RC3_1_CompanyInformation_ViewOptions_Collapse" time="115.936" classname="com.hybridFramework.ResearchCentre.TSResearchCenter_CompanyInformation"/>
  <testcase name="TC117_RC25_26_30_Company_Information_Search_QuickSearch" time="119.675" classname="com.hybridFramework.ResearchCentre.TSResearchCenter_CompanyInformation"/>
  <testcase name="TC109_RC22_Company_Information_Source_Page_Click_HereForTrainingResources" time="124.784" classname="com.hybridFramework.ResearchCentre.TSResearchCenter_CompanyInformation"/>
  <testcase name="TC110_RC3_1_Company_Information_Essential_Company_Sources" time="117.384" classname="com.hybridFramework.ResearchCentre.TSResearchCenter_CompanyInformation"/>
  <testcase name="TC115_RC3_1_CompanyInformation_ViewSummary_checkbox" time="118.038" classname="com.hybridFramework.ResearchCentre.TSResearchCenter_CompanyInformation"/>
  <testcase name="TC104_RC3_1_Company_Information_ShareWithCollegues" time="127.677" classname="com.hybridFramework.ResearchCentre.TSResearchCenter_CompanyInformation"/>
  <testcase name="TC112_RC64_65_Company_Information_OrbisCardExpand_Collapse" time="115.097" classname="com.hybridFramework.ResearchCentre.TSResearchCenter_CompanyInformation"/>
  <testcase name="TC107_RC13_Company_Information_SourcePage_Remove_From_Favorite" time="120.877" classname="com.hybridFramework.ResearchCentre.TSResearchCenter_CompanyInformation"/>
  <testcase name="TC102_RC01_Company_Information_InterestedinTraining" time="116.240" classname="com.hybridFramework.ResearchCentre.TSResearchCenter_CompanyInformation"/>
  <testcase name="TC114_RC3_1_CompanyInformation_ViewOptions_Expand" time="118.530" classname="com.hybridFramework.ResearchCentre.TSResearchCenter_CompanyInformation"/>
  <testcase name="TC99_RC01_Company_Information_RemoveFromFavorites" time="146.688" classname="com.hybridFramework.ResearchCentre.TSResearchCenter_CompanyInformation"/>
  <testcase name="TC101_RC25_26_30_Company_Information_Search_Company_Infopack" time="119.803" classname="com.hybridFramework.ResearchCentre.TSResearchCenter_CompanyInformation"/>
  <testcase name="TC116_RC3_1_CompanyInformation_Copyright" time="116.066" classname="com.hybridFramework.ResearchCentre.TSResearchCenter_CompanyInformation"/>
  <testcase name="TC108_RC16_Company_Information_SourcePage_ShareWithCollegues" time="101.210" classname="com.hybridFramework.ResearchCentre.TSResearchCenter_CompanyInformation"/>
  <testcase name="TC98_RC01_Company_Information_AddToFavorites" time="148.301" classname="com.hybridFramework.ResearchCentre.TSResearchCenter_CompanyInformation"/>
  <testcase name="TC106_RC10_Company_Information_Source_Page_AddtoFavorite" time="151.085" classname="com.hybridFramework.ResearchCentre.TSResearchCenter_CompanyInformation"/>
</testsuite> <!-- com.hybridFramework.ResearchCentre.TSResearchCenter_CompanyInformation -->
