<?xml version="1.0" encoding="UTF-8"?>
<!-- Generated by org.testng.reporters.JUnitReportReporter -->
<testsuite hostname="GSD-89048532" name="com.hybridFramework.ResearchCentre.TSResearchCenter_FindSources" tests="1" failures="0" timestamp="17 Jul 2019 08:55:27 GMT" time="226.678" errors="0">
  <testcase name="TC19RC3_1Find_Sources_AddToFavorites" time="226.678" classname="com.hybridFramework.ResearchCentre.TSResearchCenter_FindSources"/>
</testsuite> <!-- com.hybridFramework.ResearchCentre.TSResearchCenter_FindSources -->
