<?xml version="1.0" encoding="UTF-8"?>
<!-- Generated by org.testng.reporters.JUnitReportReporter -->
<testsuite hostname="GSD-89048532" name="com.hybridFramework.contentmap.RCTest" tests="1" failures="0" timestamp="6 Mar 2019 07:03:29 GMT" time="12.795" errors="0">
  <testcase name="test" time="12.795" classname="com.hybridFramework.contentmap.RCTest"/>
</testsuite> <!-- com.hybridFramework.contentmap.RCTest -->
