<?xml version="1.0" encoding="UTF-8"?>
<!-- Generated by org.testng.reporters.JUnitReportReporter -->
<testsuite hostname="GSD-89048532" name="com.hybridFramework.ResearchCentre.ResearchCentre_Regression" tests="19" failures="0" timestamp="5 Jul 2019 08:37:50 GMT" time="2135.259" errors="0">
  <testcase name="TC13_RC3_1_Home_Customize_This_Page" time="103.338" classname="com.hybridFramework.ResearchCentre.ResearchCentre_Regression"/>
  <testcase name="TC12_RC3_1_Home_Essential_Sources" time="111.076" classname="com.hybridFramework.ResearchCentre.ResearchCentre_Regression"/>
  <testcase name="TC02_RC3_1_Home_ViewOptions_Expand" time="99.843" classname="com.hybridFramework.ResearchCentre.ResearchCentre_Regression"/>
  <testcase name="TC16_RC3_1_Home_ViewAllClick_IndustryNews" time="99.793" classname="com.hybridFramework.ResearchCentre.ResearchCentre_Regression"/>
  <testcase name="TC09_RC01_Home_Remove_From_Favorites" time="129.471" classname="com.hybridFramework.ResearchCentre.ResearchCentre_Regression"/>
  <testcase name="TC14_RC3_1_Home_ViewAllClick_BCGInTheNews" time="100.602" classname="com.hybridFramework.ResearchCentre.ResearchCentre_Regression"/>
  <testcase name="TC03_RC01_Home_Go" time="102.242" classname="com.hybridFramework.ResearchCentre.ResearchCentre_Regression"/>
  <testcase name="TC08_RC01_Home_Add_To_Favorites" time="199.033" classname="com.hybridFramework.ResearchCentre.ResearchCentre_Regression"/>
  <testcase name="TC01_RC3_1_Home_ViewOptions_Collapse" time="101.106" classname="com.hybridFramework.ResearchCentre.ResearchCentre_Regression"/>
  <testcase name="TC05_RC3_1_Home_ViewSummary_checkbox" time="101.057" classname="com.hybridFramework.ResearchCentre.ResearchCentre_Regression"/>
  <testcase name="TC04_RC01_Home_MoreInfo" time="85.269" classname="com.hybridFramework.ResearchCentre.ResearchCentre_Regression"/>
  <testcase name="TC11_RC_Home_BCGFinancial_Card_Expand_Collapse" time="97.588" classname="com.hybridFramework.ResearchCentre.ResearchCentre_Regression"/>
  <testcase name="TC06_RC3_1_Home_ShareWithCollegues" time="100.324" classname="com.hybridFramework.ResearchCentre.ResearchCentre_Regression"/>
  <testcase name="TC15_RC3_1_Home_ViewAllClick_NewsStand" time="100.343" classname="com.hybridFramework.ResearchCentre.ResearchCentre_Regression"/>
  <testcase name="TC18_RC3_1_Home_Newsstand_ChooseYourPapers" time="100.822" classname="com.hybridFramework.ResearchCentre.ResearchCentre_Regression"/>
  <testcase name="TC19RC3_1_Sources_AddToFavorites" time="206.561" classname="com.hybridFramework.ResearchCentre.ResearchCentre_Regression"/>
  <testcase name="TC07_RC3_1_Home_Copyright" time="99.418" classname="com.hybridFramework.ResearchCentre.ResearchCentre_Regression"/>
  <testcase name="TC10_RC01_Home_Interested_in_Training" time="98.274" classname="com.hybridFramework.ResearchCentre.ResearchCentre_Regression"/>
  <testcase name="TC17_RC3_1_Home_ViewAllClick_IndustryAnalystReport" time="99.099" classname="com.hybridFramework.ResearchCentre.ResearchCentre_Regression"/>
</testsuite> <!-- com.hybridFramework.ResearchCentre.ResearchCentre_Regression -->
