<?xml version="1.0" encoding="UTF-8"?>
<!-- Generated by org.testng.reporters.JUnitReportReporter -->
<testsuite hostname="GSD-89048532" name="com.hybridFramework.contentmap.MinervaRegression" tests="9" failures="0" timestamp="10 Apr 2019 09:09:57 GMT" time="942.800" errors="0">
  <testcase name="TC002AbilitytotrackEmailInteractions" time="87.610" classname="com.hybridFramework.contentmap.MinervaRegression"/>
  <testcase name="TC05AbilityttrackclicksonExpandResultCard" time="108.225" classname="com.hybridFramework.contentmap.MinervaRegression"/>
  <testcase name="TC09Ability_to_track_download_attachment_from_other_documentsinmaterialtab" time="111.041" classname="com.hybridFramework.contentmap.MinervaRegression"/>
  <testcase name="TC03AbilitytotrackclicksonDownload" time="90.900" classname="com.hybridFramework.contentmap.MinervaRegression"/>
  <testcase name="TC10Abilitytotrackemailattachmentfromotherdocumentsinmaterialtab" time="107.591" classname="com.hybridFramework.contentmap.MinervaRegression"/>
  <testcase name="TC07Abilitytotrackshowfulldescriptionofmaterial" time="82.700" classname="com.hybridFramework.contentmap.MinervaRegression"/>
  <testcase name="TC04AbilitytotrackPreviewInteractions" time="99.489" classname="com.hybridFramework.contentmap.MinervaRegression"/>
  <testcase name="TC08Abilitytotrackviewotherattachmentinmaterialtab" time="107.661" classname="com.hybridFramework.contentmap.MinervaRegression"/>
  <testcase name="TC01AbilitytotrackPinInteractions" time="147.583" classname="com.hybridFramework.contentmap.MinervaRegression"/>
</testsuite> <!-- com.hybridFramework.contentmap.MinervaRegression -->
