<?xml version="1.0" encoding="UTF-8"?>
<!-- Generated by org.testng.reporters.JUnitReportReporter -->
<testsuite hostname="GSD-89048532" name="com.hybridFramework.contentmap.TestMob" tests="1" failures="0" timestamp="4 Mar 2019 10:32:47 GMT" time="0.046" errors="0">
  <testcase name="test" time="0.046" classname="com.hybridFramework.contentmap.TestMob"/>
</testsuite> <!-- com.hybridFramework.contentmap.TestMob -->
