<?xml version="1.0" encoding="UTF-8"?>
<!-- Generated by org.testng.reporters.JUnitReportReporter -->
<testsuite hostname="GSD-89048532" name="com.hybridFramework.contentmap.LoginToApplication" tests="1" failures="0" timestamp="26 Mar 2019 17:19:21 GMT" time="203.390" errors="0">
  <testcase name="TC05AbilityttrackclicksonExpandResultCard" time="203.390" classname="com.hybridFramework.contentmap.LoginToApplication"/>
</testsuite> <!-- com.hybridFramework.contentmap.LoginToApplication -->
