<?xml version="1.0" encoding="UTF-8"?>
<!-- Generated by org.testng.reporters.JUnitReportReporter -->
<testsuite hostname="GSD-89048532" name="com.hybridFramework.minerva.ResearchCentre_Regression" tests="1" failures="0" timestamp="6 Jun 2019 08:20:35 GMT" time="117.132" errors="0">
  <testcase name="TC16_RC3_1_Home_ViewAllClick_IndustryNews" time="117.132" classname="com.hybridFramework.minerva.ResearchCentre_Regression"/>
</testsuite> <!-- com.hybridFramework.minerva.ResearchCentre_Regression -->
