<?xml version="1.0" encoding="UTF-8"?>
<!-- Generated by org.testng.reporters.JUnitReportReporter -->
<testsuite hostname="GSD-89048532" name="com.hybridFramework.ResearchCentre.ResearchCenter_FindSources" tests="7" failures="0" timestamp="12 Jun 2019 11:09:00 GMT" time="979.928" errors="0">
  <testcase name="TC51_RC44_Footer_IT_Service_Center_Link" time="143.989" classname="com.hybridFramework.ResearchCentre.ResearchCenter_FindSources"/>
  <testcase name="TC53TC031_RC44_Footer_BCG_Logo" time="142.926" classname="com.hybridFramework.ResearchCentre.ResearchCenter_FindSources"/>
  <testcase name="TC48_RC44_Copyright_Link" time="151.019" classname="com.hybridFramework.ResearchCentre.ResearchCenter_FindSources"/>
  <testcase name="TC50_RC44_Footer_Research_Center_Link" time="140.743" classname="com.hybridFramework.ResearchCentre.ResearchCenter_FindSources"/>
  <testcase name="TC52_RC44_Footer_About_Link" time="133.322" classname="com.hybridFramework.ResearchCentre.ResearchCenter_FindSources"/>
  <testcase name="TC47_RC44_RC47_Footer_Training_Link" time="124.784" classname="com.hybridFramework.ResearchCentre.ResearchCenter_FindSources"/>
  <testcase name="TC49_RC44_Footer_Assist_Me_Link" time="143.145" classname="com.hybridFramework.ResearchCentre.ResearchCenter_FindSources"/>
</testsuite> <!-- com.hybridFramework.ResearchCentre.ResearchCenter_FindSources -->
