<?xml version="1.0" encoding="UTF-8"?>
<!-- Generated by org.testng.reporters.JUnitReportReporter -->
<testsuite hostname="GSD-89048532" name="com.hybridFramework.contentmap.LoginToApplicatipn" tests="1" failures="0" timestamp="6 Mar 2019 07:11:14 GMT" time="9.904" errors="0">
  <testcase name="test" time="9.904" classname="com.hybridFramework.contentmap.LoginToApplicatipn"/>
</testsuite> <!-- com.hybridFramework.contentmap.LoginToApplicatipn -->
