<?xml version="1.0" encoding="UTF-8"?>
<!-- Generated by org.testng.reporters.JUnitReportReporter -->
<testsuite hostname="GSD-89048532" name="com.hybridFramework.minerva.Sanity" tests="3" failures="0" timestamp="23 May 2019 06:34:09 GMT" time="307.342" errors="0">
  <testcase name="TC002AbilitytotrackEmailInteractions" time="87.761" classname="com.hybridFramework.minerva.Sanity"/>
  <testcase name="TC01AbilitytotrackPinInteractions" time="130.377" classname="com.hybridFramework.minerva.Sanity"/>
  <testcase name="TC03AbilitytotrackclicksonDownload" time="89.204" classname="com.hybridFramework.minerva.Sanity"/>
</testsuite> <!-- com.hybridFramework.minerva.Sanity -->
