<?xml version="1.0" encoding="UTF-8"?>
<!-- Generated by org.testng.reporters.JUnitReportReporter -->
<testsuite hostname="GSD-89048532" name="com.hybridFramework.ResearchCentre.TSResearchCentre_Home" tests="18" failures="0" timestamp="11 Jul 2019 09:48:52 GMT" time="1893.896" errors="0">
  <testcase name="TC16_RC3_1_Home_ViewAllClick_IndustryNews" time="101.854" classname="com.hybridFramework.ResearchCentre.TSResearchCentre_Home"/>
  <testcase name="TC03_RC01_Home_Go" time="105.039" classname="com.hybridFramework.ResearchCentre.TSResearchCentre_Home"/>
  <testcase name="TC05_RC3_1_Home_ViewSummary_checkbox" time="104.422" classname="com.hybridFramework.ResearchCentre.TSResearchCentre_Home"/>
  <testcase name="TC13_RC3_1_Home_Customize_This_Page" time="103.402" classname="com.hybridFramework.ResearchCentre.TSResearchCentre_Home"/>
  <testcase name="TC07_RC3_1_Home_Copyright" time="103.648" classname="com.hybridFramework.ResearchCentre.TSResearchCentre_Home"/>
  <testcase name="TC09_RC01_Home_Remove_From_Favorites" time="130.249" classname="com.hybridFramework.ResearchCentre.TSResearchCentre_Home"/>
  <testcase name="TC02_RC3_1_Home_ViewOptions_Expand" time="100.773" classname="com.hybridFramework.ResearchCentre.TSResearchCentre_Home"/>
  <testcase name="TC10_RC01_Home_Interested_in_Training" time="97.046" classname="com.hybridFramework.ResearchCentre.TSResearchCentre_Home"/>
  <testcase name="TC17_RC3_1_Home_ViewAllClick_IndustryAnalystReport" time="99.198" classname="com.hybridFramework.ResearchCentre.TSResearchCentre_Home"/>
  <testcase name="TC12_RC3_1_Home_Essential_Sources" time="99.656" classname="com.hybridFramework.ResearchCentre.TSResearchCentre_Home"/>
  <testcase name="TC18_RC3_1_Home_Newsstand_ChooseYourPapers" time="92.283" classname="com.hybridFramework.ResearchCentre.TSResearchCentre_Home"/>
  <testcase name="TC06_RC3_1_Home_ShareWithCollegues" time="108.774" classname="com.hybridFramework.ResearchCentre.TSResearchCentre_Home"/>
  <testcase name="TC08_RC01_Home_Add_To_Favorites" time="133.640" classname="com.hybridFramework.ResearchCentre.TSResearchCentre_Home"/>
  <testcase name="TC04_RC01_Home_MoreInfo" time="101.106" classname="com.hybridFramework.ResearchCentre.TSResearchCentre_Home"/>
  <testcase name="TC01_RC3_1_Home_ViewOptions_Collapse" time="104.780" classname="com.hybridFramework.ResearchCentre.TSResearchCentre_Home"/>
  <testcase name="TC15_RC3_1_Home_ViewAllClick_NewsStand" time="100.321" classname="com.hybridFramework.ResearchCentre.TSResearchCentre_Home"/>
  <testcase name="TC11_RC_Home_BCGFinancial_Card_Expand_Collapse" time="108.659" classname="com.hybridFramework.ResearchCentre.TSResearchCentre_Home"/>
  <testcase name="TC14_RC3_1_Home_ViewAllClick_BCGInTheNews" time="99.046" classname="com.hybridFramework.ResearchCentre.TSResearchCentre_Home"/>
</testsuite> <!-- com.hybridFramework.ResearchCentre.TSResearchCentre_Home -->
